{"H:\\Projects\\GitHub\\vue-news-app\\src\\components\\layout\\header\\Header.ts": {"path":"H:\\Projects\\GitHub\\vue-news-app\\src\\components\\layout\\header\\Header.ts","statementMap":{"0":{"start":{"line":1,"column":0},"end":{"line":null,"column":-1}},"1":{"start":{"line":2,"column":0},"end":{"line":null,"column":-1}},"2":{"start":{"line":9,"column":0},"end":{"line":9,"column":-1}},"3":{"start":{"line":9,"column":21},"end":{"line":null,"column":-1}}},"fnMap":{},"branchMap":{},"s":{"0":0,"1":0,"2":0,"3":0},"f":{},"b":{}}
,"H:\\Projects\\GitHub\\vue-news-app\\src\\components\\layout\\menu\\Menu.ts": {"path":"H:\\Projects\\GitHub\\vue-news-app\\src\\components\\layout\\menu\\Menu.ts","statementMap":{"0":{"start":{"line":1,"column":0},"end":{"line":null,"column":-1}},"1":{"start":{"line":3,"column":0},"end":{"line":null,"column":-1}},"2":{"start":{"line":5,"column":0},"end":{"line":5,"column":-1}},"3":{"start":{"line":7,"column":9},"end":{"line":null,"column":-1}},"4":{"start":{"line":6,"column":10},"end":{"line":null,"column":-1}},"5":{"start":{"line":5,"column":21},"end":{"line":null,"column":-1}}},"fnMap":{"0":{"name":"(anonymous_0)","decl":{"start":{"line":4,"column":0},"end":{"line":4,"column":-1}},"loc":{"start":{"line":4,"column":0},"end":{"line":8,"column":1}}}},"branchMap":{},"s":{"0":0,"1":0,"2":0,"3":0,"4":0,"5":0},"f":{"0":0},"b":{}}
,"H:\\Projects\\GitHub\\vue-news-app\\src\\components\\news\\News.ts": {"path":"H:\\Projects\\GitHub\\vue-news-app\\src\\components\\news\\News.ts","statementMap":{"0":{"start":{"line":1,"column":0},"end":{"line":null,"column":-1}},"1":{"start":{"line":3,"column":0},"end":{"line":null,"column":-1}},"2":{"start":{"line":4,"column":0},"end":{"line":null,"column":-1}},"3":{"start":{"line":12,"column":0},"end":{"line":12,"column":-1}},"4":{"start":{"line":18,"column":4},"end":{"line":null,"column":-1}},"5":{"start":{"line":14,"column":2},"end":{"line":null,"column":-1}},"6":{"start":{"line":15,"column":2},"end":{"line":null,"column":-1}},"7":{"start":{"line":19,"column":4},"end":{"line":null,"column":-1}},"8":{"start":{"line":23,"column":4},"end":{"line":25,"column":5}},"9":{"start":{"line":24,"column":6},"end":{"line":null,"column":-1}},"10":{"start":{"line":29,"column":4},"end":{"line":null,"column":-1}},"11":{"start":{"line":32,"column":8},"end":{"line":null,"column":-1}},"12":{"start":{"line":34,"column":20},"end":{"line":29,"column":10}},"13":{"start":{"line":13,"column":10},"end":{"line":null,"column":-1}},"14":{"start":{"line":22,"column":18},"end":{"line":null,"column":-1}},"15":{"start":{"line":12,"column":21},"end":{"line":null,"column":-1}}},"fnMap":{"0":{"name":"(anonymous_0)","decl":{"start":{"line":17,"column":2},"end":{"line":17,"column":1}},"loc":{"start":{"line":17,"column":2},"end":{"line":20,"column":3}}},"1":{"name":"(anonymous_1)","decl":{"start":{"line":22,"column":18},"end":{"line":22,"column":30}},"loc":{"start":{"line":22,"column":70},"end":{"line":26,"column":3}}},"2":{"name":"(anonymous_2)","decl":{"start":{"line":28,"column":2},"end":{"line":28,"column":7}},"loc":{"start":{"line":28,"column":15},"end":{"line":35,"column":3}}},"3":{"name":"(anonymous_3)","decl":{"start":{"line":31,"column":13},"end":{"line":31,"column":11}},"loc":{"start":{"line":31,"column":30},"end":{"line":29,"column":10}}},"4":{"name":"(anonymous_4)","decl":{"start":{"line":34,"column":13},"end":{"line":34,"column":15}},"loc":{"start":{"line":34,"column":20},"end":{"line":29,"column":10}}}},"branchMap":{"0":{"loc":{"start":{"line":23,"column":4},"end":{"line":25,"column":5}},"type":"if","locations":[{"start":{"line":23,"column":4},"end":{"line":25,"column":5}},{"start":{"line":23,"column":4},"end":{"line":25,"column":5}}]}},"s":{"0":0,"1":0,"2":0,"3":0,"4":0,"5":0,"6":0,"7":0,"8":0,"9":0,"10":0,"11":0,"12":0,"13":0,"14":0,"15":0},"f":{"0":0,"1":0,"2":0,"3":0,"4":0},"b":{"0":[0,0]}}
,"H:\\Projects\\GitHub\\vue-news-app\\src\\components\\news-item\\News-Item.ts": {"path":"H:\\Projects\\GitHub\\vue-news-app\\src\\components\\news-item\\News-Item.ts","statementMap":{"0":{"start":{"line":1,"column":0},"end":{"line":null,"column":-1}},"1":{"start":{"line":6,"column":0},"end":{"line":6,"column":-1}},"2":{"start":{"line":7,"column":10},"end":{"line":null,"column":-1}},"3":{"start":{"line":6,"column":21},"end":{"line":null,"column":-1}}},"fnMap":{},"branchMap":{},"s":{"0":0,"1":0,"2":0,"3":0},"f":{},"b":{}}
,"H:\\Projects\\GitHub\\vue-news-app\\src\\root\\App.ts": {"path":"H:\\Projects\\GitHub\\vue-news-app\\src\\root\\App.ts","statementMap":{"0":{"start":{"line":1,"column":0},"end":{"line":null,"column":-1}},"1":{"start":{"line":3,"column":0},"end":{"line":null,"column":-1}},"2":{"start":{"line":10,"column":0},"end":{"line":10,"column":-1}},"3":{"start":{"line":10,"column":21},"end":{"line":null,"column":-1}}},"fnMap":{},"branchMap":{},"s":{"0":0,"1":0,"2":0,"3":0},"f":{},"b":{}}
,"H:\\Projects\\GitHub\\vue-news-app\\src\\services\\news.service.ts": {"path":"H:\\Projects\\GitHub\\vue-news-app\\src\\services\\news.service.ts","statementMap":{"0":{"start":{"line":1,"column":0},"end":{"line":null,"column":-1}},"1":{"start":{"line":4,"column":0},"end":{"line":null,"column":-1}},"2":{"start":{"line":9,"column":16},"end":{"line":9,"column":4}},"3":{"start":{"line":10,"column":16},"end":{"line":10,"column":4}},"4":{"start":{"line":12,"column":4},"end":{"line":null,"column":-1}},"5":{"start":{"line":16,"column":27},"end":{"line":16,"column":7}}},"fnMap":{"0":{"name":"(anonymous_0)","decl":{"start":{"line":8,"column":9},"end":{"line":8,"column":14}},"loc":{"start":{"line":8,"column":46},"end":{"line":13,"column":3}}}},"branchMap":{},"s":{"0":1,"1":1,"2":1,"3":1,"4":1,"5":1},"f":{"0":1},"b":{}}
}
